Determining if the pthread_create exist failed with the following output:
Change Dir: /home/jetli/Files/Courses/Mobile_Robots/scout_mini_ws/build/CMakeFiles/CMakeTmp

Run Build Command:"/usr/bin/make" "cmTC_65846/fast"
/usr/bin/make -f CMakeFiles/cmTC_65846.dir/build.make CMakeFiles/cmTC_65846.dir/build
make[1]: Entering directory '/home/jetli/Files/Courses/Mobile_Robots/scout_mini_ws/build/CMakeFiles/CMakeTmp'
Building C object CMakeFiles/cmTC_65846.dir/CheckSymbolExists.c.o
/usr/bin/cc    -o CMakeFiles/cmTC_65846.dir/CheckSymbolExists.c.o   -c /home/jetli/Files/Courses/Mobile_Robots/scout_mini_ws/build/CMakeFiles/CMakeTmp/CheckSymbolExists.c
Linking C executable cmTC_65846
/usr/local/cmake-3.13.1-Linux-x86_64/bin/cmake -E cmake_link_script CMakeFiles/cmTC_65846.dir/link.txt --verbose=1
/usr/bin/cc      -rdynamic CMakeFiles/cmTC_65846.dir/CheckSymbolExists.c.o  -o cmTC_65846 
/usr/local/bin/ld: CMakeFiles/cmTC_65846.dir/CheckSymbolExists.c.o: in function `main':
CheckSymbolExists.c:(.text+0x1b): undefined reference to `pthread_create'
collect2: error: ld returned 1 exit status
CMakeFiles/cmTC_65846.dir/build.make:86: recipe for target 'cmTC_65846' failed
make[1]: *** [cmTC_65846] Error 1
make[1]: Leaving directory '/home/jetli/Files/Courses/Mobile_Robots/scout_mini_ws/build/CMakeFiles/CMakeTmp'
Makefile:121: recipe for target 'cmTC_65846/fast' failed
make: *** [cmTC_65846/fast] Error 2

File /home/jetli/Files/Courses/Mobile_Robots/scout_mini_ws/build/CMakeFiles/CMakeTmp/CheckSymbolExists.c:
/* */
#include <pthread.h>

int main(int argc, char** argv)
{
  (void)argv;
#ifndef pthread_create
  return ((int*)(&pthread_create))[argc];
#else
  (void)argc;
  return 0;
#endif
}

Determining if the function pthread_create exists in the pthreads failed with the following output:
Change Dir: /home/jetli/Files/Courses/Mobile_Robots/scout_mini_ws/build/CMakeFiles/CMakeTmp

Run Build Command:"/usr/bin/make" "cmTC_423f4/fast"
/usr/bin/make -f CMakeFiles/cmTC_423f4.dir/build.make CMakeFiles/cmTC_423f4.dir/build
make[1]: Entering directory '/home/jetli/Files/Courses/Mobile_Robots/scout_mini_ws/build/CMakeFiles/CMakeTmp'
Building C object CMakeFiles/cmTC_423f4.dir/CheckFunctionExists.c.o
/usr/bin/cc   -DCHECK_FUNCTION_EXISTS=pthread_create   -o CMakeFiles/cmTC_423f4.dir/CheckFunctionExists.c.o   -c /usr/local/cmake-3.13.1-Linux-x86_64/share/cmake-3.13/Modules/CheckFunctionExists.c
Linking C executable cmTC_423f4
/usr/local/cmake-3.13.1-Linux-x86_64/bin/cmake -E cmake_link_script CMakeFiles/cmTC_423f4.dir/link.txt --verbose=1
/usr/bin/cc  -DCHECK_FUNCTION_EXISTS=pthread_create    -rdynamic CMakeFiles/cmTC_423f4.dir/CheckFunctionExists.c.o  -o cmTC_423f4 -lpthreads 
/usr/local/bin/ld: cannot find -lpthreads
collect2: error: ld returned 1 exit status
CMakeFiles/cmTC_423f4.dir/build.make:86: recipe for target 'cmTC_423f4' failed
make[1]: *** [cmTC_423f4] Error 1
make[1]: Leaving directory '/home/jetli/Files/Courses/Mobile_Robots/scout_mini_ws/build/CMakeFiles/CMakeTmp'
Makefile:121: recipe for target 'cmTC_423f4/fast' failed
make: *** [cmTC_423f4/fast] Error 2


